<?xml version="1.0" ?>
<coverage branch-rate="0" branches-covered="0" branches-valid="0" complexity="0" line-rate="0.8333" lines-covered="15" lines-valid="18" timestamp="1614057277951" version="5.3">
	<!-- Generated by coverage.py: https://coverage.readthedocs.io -->
	<!-- Based on https://raw.githubusercontent.com/cobertura/web/master/htdocs/xml/coverage-04.dtd -->
	<sources>
		<source>/Users/sagegu/Desktop/pytest/diff-cover-test</source>
	</sources>
	<packages>
		<package branch-rate="0" complexity="0" line-rate="0.8889" name=".">
			<classes>
				<class branch-rate="0" complexity="0" filename="test.py" line-rate="0.8889" name="test.py">
					<methods/>
					<lines>
						<line hits="1" number="1"/>
						<line hits="1" number="3"/>
						<line hits="1" number="6"/>
						<line hits="1" number="7"/>
						<line hits="1" number="11"/>
						<line hits="1" number="12"/>
						<line hits="1" number="13"/>
						<line hits="1" number="15"/>
						<line hits="0" number="16"/>
					</lines>
				</class>
			</classes>
		</package>
		<package branch-rate="0" complexity="0" line-rate="0.7778" name="my_sum">
			<classes>
				<class branch-rate="0" complexity="0" filename="my_sum/__init__.py" line-rate="0.7778" name="__init__.py">
					<methods/>
					<lines>
						<line hits="1" number="1"/>
						<line hits="1" number="2"/>
						<line hits="1" number="3"/>
						<line hits="1" number="4"/>
						<line hits="1" number="5"/>
						<line hits="0" number="6"/>
						<line hits="1" number="7"/>
						<line hits="0" number="8"/>
						<line hits="1" number="9"/>
					</lines>
				</class>
			</classes>
		</package>
	</packages>
</coverage>
